<?xml version="1.0" encoding="UTF-8"?>
<testsuite xmlns:xsi="http://www.w3.org/2001/XMLSchema-instance" xsi:noNamespaceSchemaLocation="https://maven.apache.org/surefire/maven-surefire-plugin/xsd/surefire-test-report.xsd" name="com.springboot_demo.SpringbootDemoApplicationTests" time="3.758" tests="1" errors="0" skipped="0" failures="0">
  <properties>
    <property name="sun.desktop" value="windows"/>
    <property name="awt.toolkit" value="sun.awt.windows.WToolkit"/>
    <property name="file.encoding.pkg" value="sun.io"/>
    <property name="java.specification.version" value="1.8"/>
    <property name="sun.cpu.isalist" value="amd64"/>
    <property name="sun.jnu.encoding" value="GBK"/>
    <property name="java.class.path" value="D:\IntelliJ IDEA\Projects\javaframe\springboot_demo\target\test-classes;D:\IntelliJ IDEA\Projects\javaframe\springboot_demo\target\classes;D:\maven\repository\org\springframework\boot\spring-boot-starter-web\2.7.9\spring-boot-starter-web-2.7.9.jar;D:\maven\repository\org\springframework\boot\spring-boot-starter\2.7.9\spring-boot-starter-2.7.9.jar;D:\maven\repository\org\springframework\boot\spring-boot\2.7.9\spring-boot-2.7.9.jar;D:\maven\repository\org\springframework\boot\spring-boot-autoconfigure\2.7.9\spring-boot-autoconfigure-2.7.9.jar;D:\maven\repository\org\springframework\boot\spring-boot-starter-logging\2.7.9\spring-boot-starter-logging-2.7.9.jar;D:\maven\repository\ch\qos\logback\logback-classic\1.2.11\logback-classic-1.2.11.jar;D:\maven\repository\ch\qos\logback\logback-core\1.2.11\logback-core-1.2.11.jar;D:\maven\repository\org\apache\logging\log4j\log4j-to-slf4j\2.17.2\log4j-to-slf4j-2.17.2.jar;D:\maven\repository\org\apache\logging\log4j\log4j-api\2.17.2\log4j-api-2.17.2.jar;D:\maven\repository\org\slf4j\jul-to-slf4j\1.7.36\jul-to-slf4j-1.7.36.jar;D:\maven\repository\jakarta\annotation\jakarta.annotation-api\1.3.5\jakarta.annotation-api-1.3.5.jar;D:\maven\repository\org\yaml\snakeyaml\1.30\snakeyaml-1.30.jar;D:\maven\repository\org\springframework\boot\spring-boot-starter-json\2.7.9\spring-boot-starter-json-2.7.9.jar;D:\maven\repository\com\fasterxml\jackson\core\jackson-databind\2.13.5\jackson-databind-2.13.5.jar;D:\maven\repository\com\fasterxml\jackson\core\jackson-annotations\2.13.5\jackson-annotations-2.13.5.jar;D:\maven\repository\com\fasterxml\jackson\core\jackson-core\2.13.5\jackson-core-2.13.5.jar;D:\maven\repository\com\fasterxml\jackson\datatype\jackson-datatype-jdk8\2.13.5\jackson-datatype-jdk8-2.13.5.jar;D:\maven\repository\com\fasterxml\jackson\datatype\jackson-datatype-jsr310\2.13.5\jackson-datatype-jsr310-2.13.5.jar;D:\maven\repository\com\fasterxml\jackson\module\jackson-module-parameter-names\2.13.5\jackson-module-parameter-names-2.13.5.jar;D:\maven\repository\org\springframework\boot\spring-boot-starter-tomcat\2.7.9\spring-boot-starter-tomcat-2.7.9.jar;D:\maven\repository\org\apache\tomcat\embed\tomcat-embed-core\9.0.71\tomcat-embed-core-9.0.71.jar;D:\maven\repository\org\apache\tomcat\embed\tomcat-embed-el\9.0.71\tomcat-embed-el-9.0.71.jar;D:\maven\repository\org\apache\tomcat\embed\tomcat-embed-websocket\9.0.71\tomcat-embed-websocket-9.0.71.jar;D:\maven\repository\org\springframework\spring-web\5.3.25\spring-web-5.3.25.jar;D:\maven\repository\org\springframework\spring-beans\5.3.25\spring-beans-5.3.25.jar;D:\maven\repository\org\springframework\spring-webmvc\5.3.25\spring-webmvc-5.3.25.jar;D:\maven\repository\org\springframework\spring-aop\5.3.25\spring-aop-5.3.25.jar;D:\maven\repository\org\springframework\spring-context\5.3.25\spring-context-5.3.25.jar;D:\maven\repository\org\springframework\spring-expression\5.3.25\spring-expression-5.3.25.jar;D:\maven\repository\org\springframework\boot\spring-boot-starter-test\2.7.9\spring-boot-starter-test-2.7.9.jar;D:\maven\repository\org\springframework\boot\spring-boot-test\2.7.9\spring-boot-test-2.7.9.jar;D:\maven\repository\org\springframework\boot\spring-boot-test-autoconfigure\2.7.9\spring-boot-test-autoconfigure-2.7.9.jar;D:\maven\repository\com\jayway\jsonpath\json-path\2.7.0\json-path-2.7.0.jar;D:\maven\repository\net\minidev\json-smart\2.4.8\json-smart-2.4.8.jar;D:\maven\repository\net\minidev\accessors-smart\2.4.8\accessors-smart-2.4.8.jar;D:\maven\repository\org\ow2\asm\asm\9.1\asm-9.1.jar;D:\maven\repository\org\slf4j\slf4j-api\1.7.36\slf4j-api-1.7.36.jar;D:\maven\repository\jakarta\xml\bind\jakarta.xml.bind-api\2.3.3\jakarta.xml.bind-api-2.3.3.jar;D:\maven\repository\jakarta\activation\jakarta.activation-api\1.2.2\jakarta.activation-api-1.2.2.jar;D:\maven\repository\org\assertj\assertj-core\3.22.0\assertj-core-3.22.0.jar;D:\maven\repository\org\hamcrest\hamcrest\2.2\hamcrest-2.2.jar;D:\maven\repository\org\junit\jupiter\junit-jupiter\5.8.2\junit-jupiter-5.8.2.jar;D:\maven\repository\org\junit\jupiter\junit-jupiter-api\5.8.2\junit-jupiter-api-5.8.2.jar;D:\maven\repository\org\opentest4j\opentest4j\1.2.0\opentest4j-1.2.0.jar;D:\maven\repository\org\junit\platform\junit-platform-commons\1.8.2\junit-platform-commons-1.8.2.jar;D:\maven\repository\org\apiguardian\apiguardian-api\1.1.2\apiguardian-api-1.1.2.jar;D:\maven\repository\org\junit\jupiter\junit-jupiter-params\5.8.2\junit-jupiter-params-5.8.2.jar;D:\maven\repository\org\junit\jupiter\junit-jupiter-engine\5.8.2\junit-jupiter-engine-5.8.2.jar;D:\maven\repository\org\junit\platform\junit-platform-engine\1.8.2\junit-platform-engine-1.8.2.jar;D:\maven\repository\org\mockito\mockito-core\4.5.1\mockito-core-4.5.1.jar;D:\maven\repository\net\bytebuddy\byte-buddy\1.12.23\byte-buddy-1.12.23.jar;D:\maven\repository\net\bytebuddy\byte-buddy-agent\1.12.23\byte-buddy-agent-1.12.23.jar;D:\maven\repository\org\objenesis\objenesis\3.2\objenesis-3.2.jar;D:\maven\repository\org\mockito\mockito-junit-jupiter\4.5.1\mockito-junit-jupiter-4.5.1.jar;D:\maven\repository\org\skyscreamer\jsonassert\1.5.1\jsonassert-1.5.1.jar;D:\maven\repository\com\vaadin\external\google\android-json\0.0.20131108.vaadin1\android-json-0.0.20131108.vaadin1.jar;D:\maven\repository\org\springframework\spring-core\5.3.25\spring-core-5.3.25.jar;D:\maven\repository\org\springframework\spring-jcl\5.3.25\spring-jcl-5.3.25.jar;D:\maven\repository\org\springframework\spring-test\5.3.25\spring-test-5.3.25.jar;D:\maven\repository\org\xmlunit\xmlunit-core\2.9.1\xmlunit-core-2.9.1.jar;"/>
    <property name="java.vm.vendor" value="Oracle Corporation"/>
    <property name="sun.arch.data.model" value="64"/>
    <property name="user.variant" value=""/>
    <property name="java.vendor.url" value="http://java.oracle.com/"/>
    <property name="user.timezone" value="Asia/Shanghai"/>
    <property name="java.vm.specification.version" value="1.8"/>
    <property name="os.name" value="Windows 11"/>
    <property name="user.country" value="CN"/>
    <property name="sun.java.launcher" value="SUN_STANDARD"/>
    <property name="sun.boot.library.path" value="D:\Java\jdk1.8.0_321\jre\bin"/>
    <property name="sun.java.command" value="C:\Users\XIYAN\AppData\Local\Temp\surefire5559184012039235247\surefirebooter6915595015496645665.jar C:\Users\XIYAN\AppData\Local\Temp\surefire5559184012039235247 2023-03-20T11-26-33_056-jvmRun1 surefire7712763079203089317tmp surefire_03651387485282309925tmp"/>
    <property name="surefire.test.class.path" value="D:\IntelliJ IDEA\Projects\javaframe\springboot_demo\target\test-classes;D:\IntelliJ IDEA\Projects\javaframe\springboot_demo\target\classes;D:\maven\repository\org\springframework\boot\spring-boot-starter-web\2.7.9\spring-boot-starter-web-2.7.9.jar;D:\maven\repository\org\springframework\boot\spring-boot-starter\2.7.9\spring-boot-starter-2.7.9.jar;D:\maven\repository\org\springframework\boot\spring-boot\2.7.9\spring-boot-2.7.9.jar;D:\maven\repository\org\springframework\boot\spring-boot-autoconfigure\2.7.9\spring-boot-autoconfigure-2.7.9.jar;D:\maven\repository\org\springframework\boot\spring-boot-starter-logging\2.7.9\spring-boot-starter-logging-2.7.9.jar;D:\maven\repository\ch\qos\logback\logback-classic\1.2.11\logback-classic-1.2.11.jar;D:\maven\repository\ch\qos\logback\logback-core\1.2.11\logback-core-1.2.11.jar;D:\maven\repository\org\apache\logging\log4j\log4j-to-slf4j\2.17.2\log4j-to-slf4j-2.17.2.jar;D:\maven\repository\org\apache\logging\log4j\log4j-api\2.17.2\log4j-api-2.17.2.jar;D:\maven\repository\org\slf4j\jul-to-slf4j\1.7.36\jul-to-slf4j-1.7.36.jar;D:\maven\repository\jakarta\annotation\jakarta.annotation-api\1.3.5\jakarta.annotation-api-1.3.5.jar;D:\maven\repository\org\yaml\snakeyaml\1.30\snakeyaml-1.30.jar;D:\maven\repository\org\springframework\boot\spring-boot-starter-json\2.7.9\spring-boot-starter-json-2.7.9.jar;D:\maven\repository\com\fasterxml\jackson\core\jackson-databind\2.13.5\jackson-databind-2.13.5.jar;D:\maven\repository\com\fasterxml\jackson\core\jackson-annotations\2.13.5\jackson-annotations-2.13.5.jar;D:\maven\repository\com\fasterxml\jackson\core\jackson-core\2.13.5\jackson-core-2.13.5.jar;D:\maven\repository\com\fasterxml\jackson\datatype\jackson-datatype-jdk8\2.13.5\jackson-datatype-jdk8-2.13.5.jar;D:\maven\repository\com\fasterxml\jackson\datatype\jackson-datatype-jsr310\2.13.5\jackson-datatype-jsr310-2.13.5.jar;D:\maven\repository\com\fasterxml\jackson\module\jackson-module-parameter-names\2.13.5\jackson-module-parameter-names-2.13.5.jar;D:\maven\repository\org\springframework\boot\spring-boot-starter-tomcat\2.7.9\spring-boot-starter-tomcat-2.7.9.jar;D:\maven\repository\org\apache\tomcat\embed\tomcat-embed-core\9.0.71\tomcat-embed-core-9.0.71.jar;D:\maven\repository\org\apache\tomcat\embed\tomcat-embed-el\9.0.71\tomcat-embed-el-9.0.71.jar;D:\maven\repository\org\apache\tomcat\embed\tomcat-embed-websocket\9.0.71\tomcat-embed-websocket-9.0.71.jar;D:\maven\repository\org\springframework\spring-web\5.3.25\spring-web-5.3.25.jar;D:\maven\repository\org\springframework\spring-beans\5.3.25\spring-beans-5.3.25.jar;D:\maven\repository\org\springframework\spring-webmvc\5.3.25\spring-webmvc-5.3.25.jar;D:\maven\repository\org\springframework\spring-aop\5.3.25\spring-aop-5.3.25.jar;D:\maven\repository\org\springframework\spring-context\5.3.25\spring-context-5.3.25.jar;D:\maven\repository\org\springframework\spring-expression\5.3.25\spring-expression-5.3.25.jar;D:\maven\repository\org\springframework\boot\spring-boot-starter-test\2.7.9\spring-boot-starter-test-2.7.9.jar;D:\maven\repository\org\springframework\boot\spring-boot-test\2.7.9\spring-boot-test-2.7.9.jar;D:\maven\repository\org\springframework\boot\spring-boot-test-autoconfigure\2.7.9\spring-boot-test-autoconfigure-2.7.9.jar;D:\maven\repository\com\jayway\jsonpath\json-path\2.7.0\json-path-2.7.0.jar;D:\maven\repository\net\minidev\json-smart\2.4.8\json-smart-2.4.8.jar;D:\maven\repository\net\minidev\accessors-smart\2.4.8\accessors-smart-2.4.8.jar;D:\maven\repository\org\ow2\asm\asm\9.1\asm-9.1.jar;D:\maven\repository\org\slf4j\slf4j-api\1.7.36\slf4j-api-1.7.36.jar;D:\maven\repository\jakarta\xml\bind\jakarta.xml.bind-api\2.3.3\jakarta.xml.bind-api-2.3.3.jar;D:\maven\repository\jakarta\activation\jakarta.activation-api\1.2.2\jakarta.activation-api-1.2.2.jar;D:\maven\repository\org\assertj\assertj-core\3.22.0\assertj-core-3.22.0.jar;D:\maven\repository\org\hamcrest\hamcrest\2.2\hamcrest-2.2.jar;D:\maven\repository\org\junit\jupiter\junit-jupiter\5.8.2\junit-jupiter-5.8.2.jar;D:\maven\repository\org\junit\jupiter\junit-jupiter-api\5.8.2\junit-jupiter-api-5.8.2.jar;D:\maven\repository\org\opentest4j\opentest4j\1.2.0\opentest4j-1.2.0.jar;D:\maven\repository\org\junit\platform\junit-platform-commons\1.8.2\junit-platform-commons-1.8.2.jar;D:\maven\repository\org\apiguardian\apiguardian-api\1.1.2\apiguardian-api-1.1.2.jar;D:\maven\repository\org\junit\jupiter\junit-jupiter-params\5.8.2\junit-jupiter-params-5.8.2.jar;D:\maven\repository\org\junit\jupiter\junit-jupiter-engine\5.8.2\junit-jupiter-engine-5.8.2.jar;D:\maven\repository\org\junit\platform\junit-platform-engine\1.8.2\junit-platform-engine-1.8.2.jar;D:\maven\repository\org\mockito\mockito-core\4.5.1\mockito-core-4.5.1.jar;D:\maven\repository\net\bytebuddy\byte-buddy\1.12.23\byte-buddy-1.12.23.jar;D:\maven\repository\net\bytebuddy\byte-buddy-agent\1.12.23\byte-buddy-agent-1.12.23.jar;D:\maven\repository\org\objenesis\objenesis\3.2\objenesis-3.2.jar;D:\maven\repository\org\mockito\mockito-junit-jupiter\4.5.1\mockito-junit-jupiter-4.5.1.jar;D:\maven\repository\org\skyscreamer\jsonassert\1.5.1\jsonassert-1.5.1.jar;D:\maven\repository\com\vaadin\external\google\android-json\0.0.20131108.vaadin1\android-json-0.0.20131108.vaadin1.jar;D:\maven\repository\org\springframework\spring-core\5.3.25\spring-core-5.3.25.jar;D:\maven\repository\org\springframework\spring-jcl\5.3.25\spring-jcl-5.3.25.jar;D:\maven\repository\org\springframework\spring-test\5.3.25\spring-test-5.3.25.jar;D:\maven\repository\org\xmlunit\xmlunit-core\2.9.1\xmlunit-core-2.9.1.jar;"/>
    <property name="sun.cpu.endian" value="little"/>
    <property name="user.home" value="C:\Users\XIYAN"/>
    <property name="user.language" value="zh"/>
    <property name="java.specification.vendor" value="Oracle Corporation"/>
    <property name="java.home" value="D:\Java\jdk1.8.0_321\jre"/>
    <property name="basedir" value="D:\IntelliJ IDEA\Projects\javaframe\springboot_demo"/>
    <property name="file.separator" value="\"/>
    <property name="line.separator" value="&#10;"/>
    <property name="java.vm.specification.vendor" value="Oracle Corporation"/>
    <property name="java.specification.name" value="Java Platform API Specification"/>
    <property name="java.awt.graphicsenv" value="sun.awt.Win32GraphicsEnvironment"/>
    <property name="surefire.real.class.path" value="C:\Users\XIYAN\AppData\Local\Temp\surefire5559184012039235247\surefirebooter6915595015496645665.jar"/>
    <property name="sun.boot.class.path" value="D:\Java\jdk1.8.0_321\jre\lib\resources.jar;D:\Java\jdk1.8.0_321\jre\lib\rt.jar;D:\Java\jdk1.8.0_321\jre\lib\sunrsasign.jar;D:\Java\jdk1.8.0_321\jre\lib\jsse.jar;D:\Java\jdk1.8.0_321\jre\lib\jce.jar;D:\Java\jdk1.8.0_321\jre\lib\charsets.jar;D:\Java\jdk1.8.0_321\jre\lib\jfr.jar;D:\Java\jdk1.8.0_321\jre\classes"/>
    <property name="user.script" value=""/>
    <property name="sun.management.compiler" value="HotSpot 64-Bit Tiered Compilers"/>
    <property name="java.runtime.version" value="1.8.0_321-b07"/>
    <property name="user.name" value="XIYAN"/>
    <property name="path.separator" value=";"/>
    <property name="os.version" value="10.0"/>
    <property name="java.endorsed.dirs" value="D:\Java\jdk1.8.0_321\jre\lib\endorsed"/>
    <property name="java.runtime.name" value="Java(TM) SE Runtime Environment"/>
    <property name="file.encoding" value="GBK"/>
    <property name="java.vm.name" value="Java HotSpot(TM) 64-Bit Server VM"/>
    <property name="localRepository" value="D:\maven\repository"/>
    <property name="java.vendor.url.bug" value="http://bugreport.sun.com/bugreport/"/>
    <property name="java.io.tmpdir" value="C:\Users\XIYAN\AppData\Local\Temp\"/>
    <property name="idea.version" value="2022.3.3"/>
    <property name="java.version" value="1.8.0_321"/>
    <property name="user.dir" value="D:\IntelliJ IDEA\Projects\javaframe\springboot_demo"/>
    <property name="os.arch" value="amd64"/>
    <property name="java.vm.specification.name" value="Java Virtual Machine Specification"/>
    <property name="java.awt.printerjob" value="sun.awt.windows.WPrinterJob"/>
    <property name="sun.os.patch.level" value=""/>
    <property name="java.library.path" value="D:\Java\jdk1.8.0_321\jre\bin;C:\WINDOWS\Sun\Java\bin;C:\WINDOWS\system32;C:\WINDOWS;D:\VMware\VMware Workstation\bin\;C:\Windows\System32\HWAudioDriverLibs;C:\WINDOWS\system32;C:\WINDOWS;C:\WINDOWS\System32\Wbem;C:\WINDOWS\System32\WindowsPowerShell\v1.0\;C:\WINDOWS\System32\OpenSSH\;D:\Bandizip\;C:\WINDOWS\system32\config\systemprofile\AppData\Local\Microsoft\WindowsApps;C:\Program Files\Microsoft SQL Server\110\DTS\Binn\;C:\Program Files (x86)\Microsoft SQL Server\110\Tools\Binn\;C:\Program Files\Microsoft SQL Server\110\Tools\Binn\;C:\Program Files (x86)\Microsoft SQL Server\110\Tools\Binn\ManagementStudio\;C:\Program Files (x86)\Microsoft Visual Studio 10.0\Common7\IDE\PrivateAssemblies\;C:\Program Files (x86)\Microsoft SQL Server\110\DTS\Binn\;C:\Program Files\dotnet\;C:\WINDOWS\system32;C:\WINDOWS;C:\WINDOWS\System32\Wbem;C:\WINDOWS\System32\WindowsPowerShell\v1.0\;C:\WINDOWS\System32\OpenSSH\;D:\java\jdk1.8.0_321\bin;D:\java\jdk1.8.0_321\jre\bin;D:\MacType;D:\xampp\php;D:\xampp\mysql\bin;D:\Node.js\;D:\IntelliJ IDEA\Git\cmd;D:\maven\bin;C:\Users\XIYAN\AppData\Local\Microsoft\WindowsApps;C:\Users\XIYAN\AppData\Roaming\npm;C:\Users\XIYAN\.dotnet\tools;;."/>
    <property name="java.vm.info" value="mixed mode"/>
    <property name="java.vendor" value="Oracle Corporation"/>
    <property name="java.vm.version" value="25.321-b07"/>
    <property name="java.ext.dirs" value="D:\Java\jdk1.8.0_321\jre\lib\ext;C:\WINDOWS\Sun\Java\lib\ext"/>
    <property name="sun.io.unicode.encoding" value="UnicodeLittle"/>
    <property name="java.class.version" value="52.0"/>
  </properties>
  <testcase name="contextLoads" classname="com.springboot_demo.SpringbootDemoApplicationTests" time="0.373"/>
</testsuite>